CRITICAL - 2022-06-07 00:04:32 --> Undefined variable: valorMuestra
#0 C:\laragon\www\CT_prueba\app\Views\admin\actualizarCt.php(51): CodeIgniter\Debug\Exceptions->errorHandler(8, 'Undefined varia...', 'C:\\laragon\\www\\...', 51, Array)
#1 C:\laragon\www\CT_prueba\system\View\View.php(210): include('C:\\laragon\\www\\...')
#2 C:\laragon\www\CT_prueba\system\View\View.php(213): CodeIgniter\View\View->CodeIgniter\View\{closure}()
#3 C:\laragon\www\CT_prueba\system\Common.php(1089): CodeIgniter\View\View->render('admin/actualiza...', Array, true)
#4 C:\laragon\www\CT_prueba\app\Controllers\Admin\Admin.php(446): view('admin/actualiza...', Array)
#5 C:\laragon\www\CT_prueba\system\CodeIgniter.php(832): App\Controllers\Admin\Admin->actualizarCts()
#6 C:\laragon\www\CT_prueba\system\CodeIgniter.php(419): CodeIgniter\CodeIgniter->runController(Object(App\Controllers\Admin\Admin))
#7 C:\laragon\www\CT_prueba\system\CodeIgniter.php(326): CodeIgniter\CodeIgniter->handleRequest(NULL, Object(Config\Cache), false)
#8 C:\laragon\www\CT_prueba\public\index.php(37): CodeIgniter\CodeIgniter->run()
#9 {main}
CRITICAL - 2022-06-07 00:06:17 --> Undefined variable: dd
#0 C:\laragon\www\CT_prueba\app\Controllers\Admin\Admin.php(442): CodeIgniter\Debug\Exceptions->errorHandler(8, 'Undefined varia...', 'C:\\laragon\\www\\...', 442, Array)
#1 C:\laragon\www\CT_prueba\system\CodeIgniter.php(832): App\Controllers\Admin\Admin->actualizarCts()
#2 C:\laragon\www\CT_prueba\system\CodeIgniter.php(419): CodeIgniter\CodeIgniter->runController(Object(App\Controllers\Admin\Admin))
#3 C:\laragon\www\CT_prueba\system\CodeIgniter.php(326): CodeIgniter\CodeIgniter->handleRequest(NULL, Object(Config\Cache), false)
#4 C:\laragon\www\CT_prueba\public\index.php(37): CodeIgniter\CodeIgniter->run()
#5 {main}
CRITICAL - 2022-06-07 00:06:20 --> Undefined variable: dd
#0 C:\laragon\www\CT_prueba\app\Controllers\Admin\Admin.php(442): CodeIgniter\Debug\Exceptions->errorHandler(8, 'Undefined varia...', 'C:\\laragon\\www\\...', 442, Array)
#1 C:\laragon\www\CT_prueba\system\CodeIgniter.php(832): App\Controllers\Admin\Admin->actualizarCts()
#2 C:\laragon\www\CT_prueba\system\CodeIgniter.php(419): CodeIgniter\CodeIgniter->runController(Object(App\Controllers\Admin\Admin))
#3 C:\laragon\www\CT_prueba\system\CodeIgniter.php(326): CodeIgniter\CodeIgniter->handleRequest(NULL, Object(Config\Cache), false)
#4 C:\laragon\www\CT_prueba\public\index.php(37): CodeIgniter\CodeIgniter->run()
#5 {main}
CRITICAL - 2022-06-07 00:08:27 --> Trying to get property 'idCt' of non-object
#0 C:\laragon\www\CT_prueba\app\Views\admin\actualizarCt.php(30): CodeIgniter\Debug\Exceptions->errorHandler(8, 'Trying to get p...', 'C:\\laragon\\www\\...', 30, Array)
#1 C:\laragon\www\CT_prueba\system\View\View.php(210): include('C:\\laragon\\www\\...')
#2 C:\laragon\www\CT_prueba\system\View\View.php(213): CodeIgniter\View\View->CodeIgniter\View\{closure}()
#3 C:\laragon\www\CT_prueba\system\Common.php(1089): CodeIgniter\View\View->render('admin/actualiza...', Array, true)
#4 C:\laragon\www\CT_prueba\app\Controllers\Admin\Admin.php(447): view('admin/actualiza...', Array)
#5 C:\laragon\www\CT_prueba\system\CodeIgniter.php(832): App\Controllers\Admin\Admin->actualizarCts()
#6 C:\laragon\www\CT_prueba\system\CodeIgniter.php(419): CodeIgniter\CodeIgniter->runController(Object(App\Controllers\Admin\Admin))
#7 C:\laragon\www\CT_prueba\system\CodeIgniter.php(326): CodeIgniter\CodeIgniter->handleRequest(NULL, Object(Config\Cache), false)
#8 C:\laragon\www\CT_prueba\public\index.php(37): CodeIgniter\CodeIgniter->run()
#9 {main}
CRITICAL - 2022-06-07 00:09:12 --> Trying to get property 'idCt' of non-object
#0 C:\laragon\www\CT_prueba\app\Views\admin\actualizarCt.php(30): CodeIgniter\Debug\Exceptions->errorHandler(8, 'Trying to get p...', 'C:\\laragon\\www\\...', 30, Array)
#1 C:\laragon\www\CT_prueba\system\View\View.php(210): include('C:\\laragon\\www\\...')
#2 C:\laragon\www\CT_prueba\system\View\View.php(213): CodeIgniter\View\View->CodeIgniter\View\{closure}()
#3 C:\laragon\www\CT_prueba\system\Common.php(1089): CodeIgniter\View\View->render('admin/actualiza...', Array, true)
#4 C:\laragon\www\CT_prueba\app\Controllers\Admin\Admin.php(447): view('admin/actualiza...', Array)
#5 C:\laragon\www\CT_prueba\system\CodeIgniter.php(832): App\Controllers\Admin\Admin->actualizarCts()
#6 C:\laragon\www\CT_prueba\system\CodeIgniter.php(419): CodeIgniter\CodeIgniter->runController(Object(App\Controllers\Admin\Admin))
#7 C:\laragon\www\CT_prueba\system\CodeIgniter.php(326): CodeIgniter\CodeIgniter->handleRequest(NULL, Object(Config\Cache), false)
#8 C:\laragon\www\CT_prueba\public\index.php(37): CodeIgniter\CodeIgniter->run()
#9 {main}
CRITICAL - 2022-06-07 00:11:36 --> Trying to get property 'idCt' of non-object
#0 C:\laragon\www\CT_prueba\app\Views\admin\actualizarCt.php(30): CodeIgniter\Debug\Exceptions->errorHandler(8, 'Trying to get p...', 'C:\\laragon\\www\\...', 30, Array)
#1 C:\laragon\www\CT_prueba\system\View\View.php(210): include('C:\\laragon\\www\\...')
#2 C:\laragon\www\CT_prueba\system\View\View.php(213): CodeIgniter\View\View->CodeIgniter\View\{closure}()
#3 C:\laragon\www\CT_prueba\system\Common.php(1089): CodeIgniter\View\View->render('admin/actualiza...', Array, true)
#4 C:\laragon\www\CT_prueba\app\Controllers\Admin\Admin.php(447): view('admin/actualiza...', Array)
#5 C:\laragon\www\CT_prueba\system\CodeIgniter.php(832): App\Controllers\Admin\Admin->actualizarCts()
#6 C:\laragon\www\CT_prueba\system\CodeIgniter.php(419): CodeIgniter\CodeIgniter->runController(Object(App\Controllers\Admin\Admin))
#7 C:\laragon\www\CT_prueba\system\CodeIgniter.php(326): CodeIgniter\CodeIgniter->handleRequest(NULL, Object(Config\Cache), false)
#8 C:\laragon\www\CT_prueba\public\index.php(37): CodeIgniter\CodeIgniter->run()
#9 {main}
CRITICAL - 2022-06-07 00:28:59 --> Too few arguments to function CodeIgniter\Database\BaseBuilder::where(), 0 passed in C:\laragon\www\CT_prueba\system\Model.php on line 728 and at least 1 expected
#0 C:\laragon\www\CT_prueba\system\Model.php(728): CodeIgniter\Database\BaseBuilder->where()
#1 C:\laragon\www\CT_prueba\app\Controllers\Admin\Admin.php(435): CodeIgniter\Model->__call('where', Array)
#2 C:\laragon\www\CT_prueba\system\CodeIgniter.php(832): App\Controllers\Admin\Admin->actualizarCts()
#3 C:\laragon\www\CT_prueba\system\CodeIgniter.php(419): CodeIgniter\CodeIgniter->runController(Object(App\Controllers\Admin\Admin))
#4 C:\laragon\www\CT_prueba\system\CodeIgniter.php(326): CodeIgniter\CodeIgniter->handleRequest(NULL, Object(Config\Cache), false)
#5 C:\laragon\www\CT_prueba\public\index.php(37): CodeIgniter\CodeIgniter->run()
#6 {main}
CRITICAL - 2022-06-07 00:31:07 --> Too few arguments to function CodeIgniter\Database\BaseBuilder::where(), 0 passed in C:\laragon\www\CT_prueba\system\Model.php on line 728 and at least 1 expected
#0 C:\laragon\www\CT_prueba\system\Model.php(728): CodeIgniter\Database\BaseBuilder->where()
#1 C:\laragon\www\CT_prueba\app\Controllers\Admin\Admin.php(435): CodeIgniter\Model->__call('where', Array)
#2 C:\laragon\www\CT_prueba\system\CodeIgniter.php(832): App\Controllers\Admin\Admin->actualizarCts()
#3 C:\laragon\www\CT_prueba\system\CodeIgniter.php(419): CodeIgniter\CodeIgniter->runController(Object(App\Controllers\Admin\Admin))
#4 C:\laragon\www\CT_prueba\system\CodeIgniter.php(326): CodeIgniter\CodeIgniter->handleRequest(NULL, Object(Config\Cache), false)
#5 C:\laragon\www\CT_prueba\public\index.php(37): CodeIgniter\CodeIgniter->run()
#6 {main}
CRITICAL - 2022-06-07 00:31:15 --> Too few arguments to function CodeIgniter\Database\BaseBuilder::where(), 0 passed in C:\laragon\www\CT_prueba\system\Model.php on line 728 and at least 1 expected
#0 C:\laragon\www\CT_prueba\system\Model.php(728): CodeIgniter\Database\BaseBuilder->where()
#1 C:\laragon\www\CT_prueba\app\Controllers\Admin\Admin.php(435): CodeIgniter\Model->__call('where', Array)
#2 C:\laragon\www\CT_prueba\system\CodeIgniter.php(832): App\Controllers\Admin\Admin->actualizarCts()
#3 C:\laragon\www\CT_prueba\system\CodeIgniter.php(419): CodeIgniter\CodeIgniter->runController(Object(App\Controllers\Admin\Admin))
#4 C:\laragon\www\CT_prueba\system\CodeIgniter.php(326): CodeIgniter\CodeIgniter->handleRequest(NULL, Object(Config\Cache), false)
#5 C:\laragon\www\CT_prueba\public\index.php(37): CodeIgniter\CodeIgniter->run()
#6 {main}
CRITICAL - 2022-06-07 00:34:16 --> Call to undefined method App\Models\CtModel::wherenot
#0 C:\laragon\www\CT_prueba\app\Controllers\Admin\Admin.php(435): CodeIgniter\Model->__call('wherenot', Array)
#1 C:\laragon\www\CT_prueba\system\CodeIgniter.php(832): App\Controllers\Admin\Admin->actualizarCts()
#2 C:\laragon\www\CT_prueba\system\CodeIgniter.php(419): CodeIgniter\CodeIgniter->runController(Object(App\Controllers\Admin\Admin))
#3 C:\laragon\www\CT_prueba\system\CodeIgniter.php(326): CodeIgniter\CodeIgniter->handleRequest(NULL, Object(Config\Cache), false)
#4 C:\laragon\www\CT_prueba\public\index.php(37): CodeIgniter\CodeIgniter->run()
#5 {main}
CRITICAL - 2022-06-07 00:34:39 --> Call to undefined method App\Models\CtModel::whereNot
#0 C:\laragon\www\CT_prueba\app\Controllers\Admin\Admin.php(435): CodeIgniter\Model->__call('whereNot', Array)
#1 C:\laragon\www\CT_prueba\system\CodeIgniter.php(832): App\Controllers\Admin\Admin->actualizarCts()
#2 C:\laragon\www\CT_prueba\system\CodeIgniter.php(419): CodeIgniter\CodeIgniter->runController(Object(App\Controllers\Admin\Admin))
#3 C:\laragon\www\CT_prueba\system\CodeIgniter.php(326): CodeIgniter\CodeIgniter->handleRequest(NULL, Object(Config\Cache), false)
#4 C:\laragon\www\CT_prueba\public\index.php(37): CodeIgniter\CodeIgniter->run()
#5 {main}
CRITICAL - 2022-06-07 00:39:37 --> array_diff(): Expected parameter 2 to be an array, string given
#0 [internal function]: CodeIgniter\Debug\Exceptions->errorHandler(2, 'array_diff(): E...', 'C:\\laragon\\www\\...', 439, Array)
#1 C:\laragon\www\CT_prueba\app\Controllers\Admin\Admin.php(439): array_diff(Array, '11')
#2 C:\laragon\www\CT_prueba\system\CodeIgniter.php(832): App\Controllers\Admin\Admin->actualizarCts()
#3 C:\laragon\www\CT_prueba\system\CodeIgniter.php(419): CodeIgniter\CodeIgniter->runController(Object(App\Controllers\Admin\Admin))
#4 C:\laragon\www\CT_prueba\system\CodeIgniter.php(326): CodeIgniter\CodeIgniter->handleRequest(NULL, Object(Config\Cache), false)
#5 C:\laragon\www\CT_prueba\public\index.php(37): CodeIgniter\CodeIgniter->run()
#6 {main}
CRITICAL - 2022-06-07 00:54:08 --> syntax error, unexpected 'endforeach' (T_ENDFOREACH), expecting elseif (T_ELSEIF) or else (T_ELSE) or endif (T_ENDIF)
#0 C:\laragon\www\CT_prueba\system\View\View.php(213): CodeIgniter\View\View->CodeIgniter\View\{closure}()
#1 C:\laragon\www\CT_prueba\system\Common.php(1089): CodeIgniter\View\View->render('admin/actualiza...', Array, true)
#2 C:\laragon\www\CT_prueba\app\Controllers\Admin\Admin.php(451): view('admin/actualiza...', Array)
#3 C:\laragon\www\CT_prueba\system\CodeIgniter.php(832): App\Controllers\Admin\Admin->actualizarCts()
#4 C:\laragon\www\CT_prueba\system\CodeIgniter.php(419): CodeIgniter\CodeIgniter->runController(Object(App\Controllers\Admin\Admin))
#5 C:\laragon\www\CT_prueba\system\CodeIgniter.php(326): CodeIgniter\CodeIgniter->handleRequest(NULL, Object(Config\Cache), false)
#6 C:\laragon\www\CT_prueba\public\index.php(37): CodeIgniter\CodeIgniter->run()
#7 {main}
CRITICAL - 2022-06-07 00:56:45 --> syntax error, unexpected 'endforeach' (T_ENDFOREACH), expecting elseif (T_ELSEIF) or else (T_ELSE) or endif (T_ENDIF)
#0 C:\laragon\www\CT_prueba\system\View\View.php(213): CodeIgniter\View\View->CodeIgniter\View\{closure}()
#1 C:\laragon\www\CT_prueba\system\Common.php(1089): CodeIgniter\View\View->render('admin/actualiza...', Array, true)
#2 C:\laragon\www\CT_prueba\app\Controllers\Admin\Admin.php(451): view('admin/actualiza...', Array)
#3 C:\laragon\www\CT_prueba\system\CodeIgniter.php(832): App\Controllers\Admin\Admin->actualizarCts()
#4 C:\laragon\www\CT_prueba\system\CodeIgniter.php(419): CodeIgniter\CodeIgniter->runController(Object(App\Controllers\Admin\Admin))
#5 C:\laragon\www\CT_prueba\system\CodeIgniter.php(326): CodeIgniter\CodeIgniter->handleRequest(NULL, Object(Config\Cache), false)
#6 C:\laragon\www\CT_prueba\public\index.php(37): CodeIgniter\CodeIgniter->run()
#7 {main}
CRITICAL - 2022-06-07 01:14:39 --> syntax error, unexpected ';', expecting ')'
#0 C:\laragon\www\CT_prueba\system\View\View.php(213): CodeIgniter\View\View->CodeIgniter\View\{closure}()
#1 C:\laragon\www\CT_prueba\system\Common.php(1089): CodeIgniter\View\View->render('admin/actualiza...', Array, true)
#2 C:\laragon\www\CT_prueba\app\Controllers\Admin\Admin.php(451): view('admin/actualiza...', Array)
#3 C:\laragon\www\CT_prueba\system\CodeIgniter.php(832): App\Controllers\Admin\Admin->actualizarCts()
#4 C:\laragon\www\CT_prueba\system\CodeIgniter.php(419): CodeIgniter\CodeIgniter->runController(Object(App\Controllers\Admin\Admin))
#5 C:\laragon\www\CT_prueba\system\CodeIgniter.php(326): CodeIgniter\CodeIgniter->handleRequest(NULL, Object(Config\Cache), false)
#6 C:\laragon\www\CT_prueba\public\index.php(37): CodeIgniter\CodeIgniter->run()
#7 {main}
CRITICAL - 2022-06-07 01:40:53 --> password_verify() expects exactly 2 parameters, 1 given
#0 [internal function]: CodeIgniter\Debug\Exceptions->errorHandler(2, 'password_verify...', 'C:\\laragon\\www\\...', 669, Array)
#1 C:\laragon\www\CT_prueba\app\Controllers\Admin\Admin.php(669): password_verify(false)
#2 C:\laragon\www\CT_prueba\system\CodeIgniter.php(832): App\Controllers\Admin\Admin->actualizarCt()
#3 C:\laragon\www\CT_prueba\system\CodeIgniter.php(419): CodeIgniter\CodeIgniter->runController(Object(App\Controllers\Admin\Admin))
#4 C:\laragon\www\CT_prueba\system\CodeIgniter.php(326): CodeIgniter\CodeIgniter->handleRequest(NULL, Object(Config\Cache), false)
#5 C:\laragon\www\CT_prueba\public\index.php(37): CodeIgniter\CodeIgniter->run()
#6 {main}
CRITICAL - 2022-06-07 01:45:50 --> Call to undefined function password_has()
#0 C:\laragon\www\CT_prueba\system\View\View.php(210): include()
#1 C:\laragon\www\CT_prueba\system\View\View.php(213): CodeIgniter\View\View->CodeIgniter\View\{closure}()
#2 C:\laragon\www\CT_prueba\system\Common.php(1089): CodeIgniter\View\View->render('admin/actualiza...', Array, true)
#3 C:\laragon\www\CT_prueba\app\Controllers\Admin\Admin.php(451): view('admin/actualiza...', Array)
#4 C:\laragon\www\CT_prueba\system\CodeIgniter.php(832): App\Controllers\Admin\Admin->actualizarCts()
#5 C:\laragon\www\CT_prueba\system\CodeIgniter.php(419): CodeIgniter\CodeIgniter->runController(Object(App\Controllers\Admin\Admin))
#6 C:\laragon\www\CT_prueba\system\CodeIgniter.php(326): CodeIgniter\CodeIgniter->handleRequest(NULL, Object(Config\Cache), false)
#7 C:\laragon\www\CT_prueba\public\index.php(37): CodeIgniter\CodeIgniter->run()
#8 {main}
