CRITICAL - 2022-06-04 02:58:38 --> Undefined variable: mostrar
#0 C:\laragon\www\CT_prueba\app\Views\admin\actualizarPerfil.php(33): CodeIgniter\Debug\Exceptions->errorHandler(8, 'Undefined varia...', 'C:\\laragon\\www\\...', 33, Array)
#1 C:\laragon\www\CT_prueba\system\View\View.php(210): include('C:\\laragon\\www\\...')
#2 C:\laragon\www\CT_prueba\system\View\View.php(213): CodeIgniter\View\View->CodeIgniter\View\{closure}()
#3 C:\laragon\www\CT_prueba\system\Common.php(1089): CodeIgniter\View\View->render('admin/actualiza...', Array, true)
#4 C:\laragon\www\CT_prueba\app\Controllers\Admin\Admin.php(183): view('admin/actualiza...', Array)
#5 C:\laragon\www\CT_prueba\system\CodeIgniter.php(832): App\Controllers\Admin\Admin->actualizarPerfil()
#6 C:\laragon\www\CT_prueba\system\CodeIgniter.php(419): CodeIgniter\CodeIgniter->runController(Object(App\Controllers\Admin\Admin))
#7 C:\laragon\www\CT_prueba\system\CodeIgniter.php(326): CodeIgniter\CodeIgniter->handleRequest(NULL, Object(Config\Cache), false)
#8 C:\laragon\www\CT_prueba\public\index.php(37): CodeIgniter\CodeIgniter->run()
#9 {main}
CRITICAL - 2022-06-04 09:19:20 --> Undefined variable: password
#0 C:\laragon\www\CT_prueba\app\Controllers\User\User.php(139): CodeIgniter\Debug\Exceptions->errorHandler(8, 'Undefined varia...', 'C:\\laragon\\www\\...', 139, Array)
#1 C:\laragon\www\CT_prueba\system\CodeIgniter.php(832): App\Controllers\User\User->updatePerfil()
#2 C:\laragon\www\CT_prueba\system\CodeIgniter.php(419): CodeIgniter\CodeIgniter->runController(Object(App\Controllers\User\User))
#3 C:\laragon\www\CT_prueba\system\CodeIgniter.php(326): CodeIgniter\CodeIgniter->handleRequest(NULL, Object(Config\Cache), false)
#4 C:\laragon\www\CT_prueba\public\index.php(37): CodeIgniter\CodeIgniter->run()
#5 {main}
CRITICAL - 2022-06-04 09:34:38 --> syntax error, unexpected ''estado'' (T_CONSTANT_ENCAPSED_STRING), expecting ']'
#0 C:\laragon\www\CT_prueba\system\Autoloader\Autoloader.php(241): CodeIgniter\Autoloader\Autoloader->includeFile('C:\\laragon\\www\\...')
#1 C:\laragon\www\CT_prueba\system\Autoloader\Autoloader.php(219): CodeIgniter\Autoloader\Autoloader->loadInNamespace('App\\Controllers...')
#2 [internal function]: CodeIgniter\Autoloader\Autoloader->loadClass('App\\Controllers...')
#3 [internal function]: spl_autoload_call('App\\Controllers...')
#4 C:\laragon\www\CT_prueba\system\CodeIgniter.php(797): class_exists('\\App\\Controller...', true)
#5 C:\laragon\www\CT_prueba\system\CodeIgniter.php(406): CodeIgniter\CodeIgniter->startController()
#6 C:\laragon\www\CT_prueba\system\CodeIgniter.php(326): CodeIgniter\CodeIgniter->handleRequest(NULL, Object(Config\Cache), false)
#7 C:\laragon\www\CT_prueba\public\index.php(37): CodeIgniter\CodeIgniter->run()
#8 {main}
CRITICAL - 2022-06-04 09:43:53 -->  route cannot be found while reverse-routing.
#0 C:\laragon\www\CT_prueba\system\HTTP\RedirectResponse.php(56): CodeIgniter\HTTP\Exceptions\HTTPException::forInvalidRedirectRoute('')
#1 C:\laragon\www\CT_prueba\app\Filters\Roles.php(38): CodeIgniter\HTTP\RedirectResponse->route(false)
#2 C:\laragon\www\CT_prueba\system\Filters\Filters.php(173): App\Filters\Roles->before(Object(CodeIgniter\HTTP\IncomingRequest), Array)
#3 C:\laragon\www\CT_prueba\system\CodeIgniter.php(393): CodeIgniter\Filters\Filters->run('user/home', 'before')
#4 C:\laragon\www\CT_prueba\system\CodeIgniter.php(326): CodeIgniter\CodeIgniter->handleRequest(NULL, Object(Config\Cache), false)
#5 C:\laragon\www\CT_prueba\public\index.php(37): CodeIgniter\CodeIgniter->run()
#6 {main}
CRITICAL - 2022-06-04 09:51:05 --> Invalid file: /.php
#0 C:\laragon\www\CT_prueba\system\View\View.php(198): CodeIgniter\Exceptions\FrameworkException::forInvalidFile('/.php')
#1 C:\laragon\www\CT_prueba\system\Common.php(1089): CodeIgniter\View\View->render('/', Array, true)
#2 C:\laragon\www\CT_prueba\app\Filters\Roles.php(33): view('/', Array)
#3 C:\laragon\www\CT_prueba\system\Filters\Filters.php(173): App\Filters\Roles->before(Object(CodeIgniter\HTTP\IncomingRequest), Array)
#4 C:\laragon\www\CT_prueba\system\CodeIgniter.php(393): CodeIgniter\Filters\Filters->run('user/home', 'before')
#5 C:\laragon\www\CT_prueba\system\CodeIgniter.php(326): CodeIgniter\CodeIgniter->handleRequest(NULL, Object(Config\Cache), false)
#6 C:\laragon\www\CT_prueba\public\index.php(37): CodeIgniter\CodeIgniter->run()
#7 {main}
ERROR - 2022-06-04 10:08:30 --> Unknown column 'tbl_usuarios.deleted_at' in 'where clause'
CRITICAL - 2022-06-04 10:08:31 --> Unknown column 'tbl_usuarios.deleted_at' in 'where clause'
#0 C:\laragon\www\CT_prueba\system\Database\MySQLi\Connection.php(292): mysqli->query('SELECT *\nFROM `...', 0)
#1 C:\laragon\www\CT_prueba\system\Database\BaseConnection.php(670): CodeIgniter\Database\MySQLi\Connection->execute('SELECT *\nFROM `...')
#2 C:\laragon\www\CT_prueba\system\Database\BaseConnection.php(598): CodeIgniter\Database\BaseConnection->simpleQuery('SELECT *\nFROM `...')
#3 C:\laragon\www\CT_prueba\system\Database\BaseBuilder.php(1455): CodeIgniter\Database\BaseConnection->query('SELECT *\nFROM `...', Array, false)
#4 C:\laragon\www\CT_prueba\system\Model.php(210): CodeIgniter\Database\BaseBuilder->get()
#5 C:\laragon\www\CT_prueba\system\BaseModel.php(622): CodeIgniter\Model->doFirst()
#6 C:\laragon\www\CT_prueba\app\Models\UsuarioModel.php(51): CodeIgniter\BaseModel->first()
#7 C:\laragon\www\CT_prueba\app\Filters\Roles.php(23): App\Models\UsuarioModel->buscarUsuario('idUsuario', '17')
#8 C:\laragon\www\CT_prueba\system\Filters\Filters.php(173): App\Filters\Roles->before(Object(CodeIgniter\HTTP\IncomingRequest), Array)
#9 C:\laragon\www\CT_prueba\system\CodeIgniter.php(393): CodeIgniter\Filters\Filters->run('admin/deleteUsu...', 'before')
#10 C:\laragon\www\CT_prueba\system\CodeIgniter.php(326): CodeIgniter\CodeIgniter->handleRequest(NULL, Object(Config\Cache), false)
#11 C:\laragon\www\CT_prueba\public\index.php(37): CodeIgniter\CodeIgniter->run()
#12 {main}
ERROR - 2022-06-04 10:08:38 --> Unknown column 'tbl_usuarios.deleted_at' in 'where clause'
CRITICAL - 2022-06-04 10:08:38 --> Unknown column 'tbl_usuarios.deleted_at' in 'where clause'
#0 C:\laragon\www\CT_prueba\system\Database\MySQLi\Connection.php(292): mysqli->query('SELECT *\nFROM `...', 0)
#1 C:\laragon\www\CT_prueba\system\Database\BaseConnection.php(670): CodeIgniter\Database\MySQLi\Connection->execute('SELECT *\nFROM `...')
#2 C:\laragon\www\CT_prueba\system\Database\BaseConnection.php(598): CodeIgniter\Database\BaseConnection->simpleQuery('SELECT *\nFROM `...')
#3 C:\laragon\www\CT_prueba\system\Database\BaseBuilder.php(1455): CodeIgniter\Database\BaseConnection->query('SELECT *\nFROM `...', Array, false)
#4 C:\laragon\www\CT_prueba\system\Model.php(210): CodeIgniter\Database\BaseBuilder->get()
#5 C:\laragon\www\CT_prueba\system\BaseModel.php(622): CodeIgniter\Model->doFirst()
#6 C:\laragon\www\CT_prueba\app\Models\UsuarioModel.php(51): CodeIgniter\BaseModel->first()
#7 C:\laragon\www\CT_prueba\app\Filters\Roles.php(23): App\Models\UsuarioModel->buscarUsuario('idUsuario', '17')
#8 C:\laragon\www\CT_prueba\system\Filters\Filters.php(173): App\Filters\Roles->before(Object(CodeIgniter\HTTP\IncomingRequest), Array)
#9 C:\laragon\www\CT_prueba\system\CodeIgniter.php(393): CodeIgniter\Filters\Filters->run('admin/buscar-us...', 'before')
#10 C:\laragon\www\CT_prueba\system\CodeIgniter.php(326): CodeIgniter\CodeIgniter->handleRequest(NULL, Object(Config\Cache), false)
#11 C:\laragon\www\CT_prueba\public\index.php(37): CodeIgniter\CodeIgniter->run()
#12 {main}
ERROR - 2022-06-04 10:08:42 --> Unknown column 'tbl_usuarios.deleted_at' in 'where clause'
CRITICAL - 2022-06-04 10:08:42 --> Unknown column 'tbl_usuarios.deleted_at' in 'where clause'
#0 C:\laragon\www\CT_prueba\system\Database\MySQLi\Connection.php(292): mysqli->query('SELECT *\nFROM `...', 0)
#1 C:\laragon\www\CT_prueba\system\Database\BaseConnection.php(670): CodeIgniter\Database\MySQLi\Connection->execute('SELECT *\nFROM `...')
#2 C:\laragon\www\CT_prueba\system\Database\BaseConnection.php(598): CodeIgniter\Database\BaseConnection->simpleQuery('SELECT *\nFROM `...')
#3 C:\laragon\www\CT_prueba\system\Database\BaseBuilder.php(1455): CodeIgniter\Database\BaseConnection->query('SELECT *\nFROM `...', Array, false)
#4 C:\laragon\www\CT_prueba\system\Model.php(210): CodeIgniter\Database\BaseBuilder->get()
#5 C:\laragon\www\CT_prueba\system\BaseModel.php(622): CodeIgniter\Model->doFirst()
#6 C:\laragon\www\CT_prueba\app\Models\UsuarioModel.php(51): CodeIgniter\BaseModel->first()
#7 C:\laragon\www\CT_prueba\app\Filters\Roles.php(23): App\Models\UsuarioModel->buscarUsuario('idUsuario', '17')
#8 C:\laragon\www\CT_prueba\system\Filters\Filters.php(173): App\Filters\Roles->before(Object(CodeIgniter\HTTP\IncomingRequest), Array)
#9 C:\laragon\www\CT_prueba\system\CodeIgniter.php(393): CodeIgniter\Filters\Filters->run('admin/buscar-us...', 'before')
#10 C:\laragon\www\CT_prueba\system\CodeIgniter.php(326): CodeIgniter\CodeIgniter->handleRequest(NULL, Object(Config\Cache), false)
#11 C:\laragon\www\CT_prueba\public\index.php(37): CodeIgniter\CodeIgniter->run()
#12 {main}
ERROR - 2022-06-04 10:20:07 --> Column 'estado' cannot be null
CRITICAL - 2022-06-04 10:20:08 --> Column 'estado' cannot be null
#0 C:\laragon\www\CT_prueba\system\Database\MySQLi\Connection.php(292): mysqli->query('INSERT INTO `tb...', 0)
#1 C:\laragon\www\CT_prueba\system\Database\BaseConnection.php(670): CodeIgniter\Database\MySQLi\Connection->execute('INSERT INTO `tb...')
#2 C:\laragon\www\CT_prueba\system\Database\BaseConnection.php(598): CodeIgniter\Database\BaseConnection->simpleQuery('INSERT INTO `tb...')
#3 C:\laragon\www\CT_prueba\system\Database\BaseBuilder.php(1771): CodeIgniter\Database\BaseConnection->query('INSERT INTO `tb...', Array, false)
#4 C:\laragon\www\CT_prueba\system\Model.php(239): CodeIgniter\Database\BaseBuilder->insert()
#5 C:\laragon\www\CT_prueba\system\BaseModel.php(738): CodeIgniter\Model->doInsert(Array)
#6 C:\laragon\www\CT_prueba\system\Model.php(625): CodeIgniter\BaseModel->insert(Array, false)
#7 C:\laragon\www\CT_prueba\system\BaseModel.php(658): CodeIgniter\Model->insert(Array, false)
#8 C:\laragon\www\CT_prueba\app\Controllers\Admin\Admin.php(597): CodeIgniter\BaseModel->save(Array)
#9 C:\laragon\www\CT_prueba\system\CodeIgniter.php(832): App\Controllers\Admin\Admin->volverUsuario()
#10 C:\laragon\www\CT_prueba\system\CodeIgniter.php(419): CodeIgniter\CodeIgniter->runController(Object(App\Controllers\Admin\Admin))
#11 C:\laragon\www\CT_prueba\system\CodeIgniter.php(326): CodeIgniter\CodeIgniter->handleRequest(NULL, Object(Config\Cache), false)
#12 C:\laragon\www\CT_prueba\public\index.php(37): CodeIgniter\CodeIgniter->run()
#13 {main}
ERROR - 2022-06-04 10:21:16 --> Column 'estado' cannot be null
CRITICAL - 2022-06-04 10:21:17 --> Column 'estado' cannot be null
#0 C:\laragon\www\CT_prueba\system\Database\MySQLi\Connection.php(292): mysqli->query('INSERT INTO `tb...', 0)
#1 C:\laragon\www\CT_prueba\system\Database\BaseConnection.php(670): CodeIgniter\Database\MySQLi\Connection->execute('INSERT INTO `tb...')
#2 C:\laragon\www\CT_prueba\system\Database\BaseConnection.php(598): CodeIgniter\Database\BaseConnection->simpleQuery('INSERT INTO `tb...')
#3 C:\laragon\www\CT_prueba\system\Database\BaseBuilder.php(1771): CodeIgniter\Database\BaseConnection->query('INSERT INTO `tb...', Array, false)
#4 C:\laragon\www\CT_prueba\system\Model.php(239): CodeIgniter\Database\BaseBuilder->insert()
#5 C:\laragon\www\CT_prueba\system\BaseModel.php(738): CodeIgniter\Model->doInsert(Array)
#6 C:\laragon\www\CT_prueba\system\Model.php(625): CodeIgniter\BaseModel->insert(Array, false)
#7 C:\laragon\www\CT_prueba\system\BaseModel.php(658): CodeIgniter\Model->insert(Array, false)
#8 C:\laragon\www\CT_prueba\app\Controllers\Admin\Admin.php(598): CodeIgniter\BaseModel->save(Array)
#9 C:\laragon\www\CT_prueba\system\CodeIgniter.php(832): App\Controllers\Admin\Admin->volverUsuario()
#10 C:\laragon\www\CT_prueba\system\CodeIgniter.php(419): CodeIgniter\CodeIgniter->runController(Object(App\Controllers\Admin\Admin))
#11 C:\laragon\www\CT_prueba\system\CodeIgniter.php(326): CodeIgniter\CodeIgniter->handleRequest(NULL, Object(Config\Cache), false)
#12 C:\laragon\www\CT_prueba\public\index.php(37): CodeIgniter\CodeIgniter->run()
#13 {main}
ERROR - 2022-06-04 10:23:43 --> Column 'estado' cannot be null
CRITICAL - 2022-06-04 10:23:44 --> Column 'estado' cannot be null
#0 C:\laragon\www\CT_prueba\system\Database\MySQLi\Connection.php(292): mysqli->query('INSERT INTO `tb...', 0)
#1 C:\laragon\www\CT_prueba\system\Database\BaseConnection.php(670): CodeIgniter\Database\MySQLi\Connection->execute('INSERT INTO `tb...')
#2 C:\laragon\www\CT_prueba\system\Database\BaseConnection.php(598): CodeIgniter\Database\BaseConnection->simpleQuery('INSERT INTO `tb...')
#3 C:\laragon\www\CT_prueba\system\Database\BaseBuilder.php(1771): CodeIgniter\Database\BaseConnection->query('INSERT INTO `tb...', Array, false)
#4 C:\laragon\www\CT_prueba\system\Model.php(239): CodeIgniter\Database\BaseBuilder->insert()
#5 C:\laragon\www\CT_prueba\system\BaseModel.php(738): CodeIgniter\Model->doInsert(Array)
#6 C:\laragon\www\CT_prueba\system\Model.php(625): CodeIgniter\BaseModel->insert(Array, false)
#7 C:\laragon\www\CT_prueba\system\BaseModel.php(658): CodeIgniter\Model->insert(Array, false)
#8 C:\laragon\www\CT_prueba\app\Controllers\Admin\Admin.php(598): CodeIgniter\BaseModel->save(Array)
#9 C:\laragon\www\CT_prueba\system\CodeIgniter.php(832): App\Controllers\Admin\Admin->volverUsuario()
#10 C:\laragon\www\CT_prueba\system\CodeIgniter.php(419): CodeIgniter\CodeIgniter->runController(Object(App\Controllers\Admin\Admin))
#11 C:\laragon\www\CT_prueba\system\CodeIgniter.php(326): CodeIgniter\CodeIgniter->handleRequest(NULL, Object(Config\Cache), false)
#12 C:\laragon\www\CT_prueba\public\index.php(37): CodeIgniter\CodeIgniter->run()
#13 {main}
ERROR - 2022-06-04 10:23:53 --> Column 'estado' cannot be null
CRITICAL - 2022-06-04 10:23:53 --> Column 'estado' cannot be null
#0 C:\laragon\www\CT_prueba\system\Database\MySQLi\Connection.php(292): mysqli->query('INSERT INTO `tb...', 0)
#1 C:\laragon\www\CT_prueba\system\Database\BaseConnection.php(670): CodeIgniter\Database\MySQLi\Connection->execute('INSERT INTO `tb...')
#2 C:\laragon\www\CT_prueba\system\Database\BaseConnection.php(598): CodeIgniter\Database\BaseConnection->simpleQuery('INSERT INTO `tb...')
#3 C:\laragon\www\CT_prueba\system\Database\BaseBuilder.php(1771): CodeIgniter\Database\BaseConnection->query('INSERT INTO `tb...', Array, false)
#4 C:\laragon\www\CT_prueba\system\Model.php(239): CodeIgniter\Database\BaseBuilder->insert()
#5 C:\laragon\www\CT_prueba\system\BaseModel.php(738): CodeIgniter\Model->doInsert(Array)
#6 C:\laragon\www\CT_prueba\system\Model.php(625): CodeIgniter\BaseModel->insert(Array, false)
#7 C:\laragon\www\CT_prueba\system\BaseModel.php(658): CodeIgniter\Model->insert(Array, false)
#8 C:\laragon\www\CT_prueba\app\Controllers\Admin\Admin.php(598): CodeIgniter\BaseModel->save(Array)
#9 C:\laragon\www\CT_prueba\system\CodeIgniter.php(832): App\Controllers\Admin\Admin->volverUsuario()
#10 C:\laragon\www\CT_prueba\system\CodeIgniter.php(419): CodeIgniter\CodeIgniter->runController(Object(App\Controllers\Admin\Admin))
#11 C:\laragon\www\CT_prueba\system\CodeIgniter.php(326): CodeIgniter\CodeIgniter->handleRequest(NULL, Object(Config\Cache), false)
#12 C:\laragon\www\CT_prueba\public\index.php(37): CodeIgniter\CodeIgniter->run()
#13 {main}
CRITICAL - 2022-06-04 10:29:40 --> Trying to get property 'idUsuario' of non-object
#0 C:\laragon\www\CT_prueba\app\Views\admin\actualizarUsuario.php(30): CodeIgniter\Debug\Exceptions->errorHandler(8, 'Trying to get p...', 'C:\\laragon\\www\\...', 30, Array)
#1 C:\laragon\www\CT_prueba\system\View\View.php(210): include('C:\\laragon\\www\\...')
#2 C:\laragon\www\CT_prueba\system\View\View.php(213): CodeIgniter\View\View->CodeIgniter\View\{closure}()
#3 C:\laragon\www\CT_prueba\system\Common.php(1089): CodeIgniter\View\View->render('admin/actualiza...', Array, true)
#4 C:\laragon\www\CT_prueba\app\Controllers\Admin\Admin.php(337): view('admin/actualiza...', Array)
#5 C:\laragon\www\CT_prueba\system\CodeIgniter.php(832): App\Controllers\Admin\Admin->actualizar()
#6 C:\laragon\www\CT_prueba\system\CodeIgniter.php(419): CodeIgniter\CodeIgniter->runController(Object(App\Controllers\Admin\Admin))
#7 C:\laragon\www\CT_prueba\system\CodeIgniter.php(326): CodeIgniter\CodeIgniter->handleRequest(NULL, Object(Config\Cache), false)
#8 C:\laragon\www\CT_prueba\public\index.php(37): CodeIgniter\CodeIgniter->run()
#9 {main}
